# JRE version: Java(TM) SE Runtime Environment (18.0.1.1+2) (build 18.0.1.1+2-6)
# Java VM: Java HotSpot(TM) 64-Bit Server VM (18.0.1.1+2-6, mixed mode, sharing, tiered, compressed oops, compressed class ptrs, g1 gc, windows-amd64)
GC Precious Log:
 CardTable entry size: 512
 Card Set container configuration: InlinePtr #cards 5 size 8 Array Of Cards #cards 12 size 40 Howl #buckets 4 coarsen threshold 1843 Howl Bitmap #cards 512 size 80 coarsen threshold 460 Card regions per heap region 1 cards per card region 2048
 CPUs: 2 total, 2 available
 Memory: 3922M
 Large Page Support: Disabled
 NUMA Support: Disabled
 Compressed Oops: Enabled (32-bit)
 Heap Region Size: 1M
 Heap Min Capacity: 8M
 Heap Initial Capacity: 62M
 Heap Max Capacity: 982M
 Pre-touch: Disabled
 Parallel Workers: 2
 Concurrent Workers: 1
 Concurrent Refinement Workers: 2
 Periodic GC: Disabled
Heap:
 garbage-first heap   total 142336K, used 132525K [0x00000000c2a00000, 0x0000000100000000)
  region size 1024K, 1 young (1024K), 1 survivors (1024K)
 Metaspace       used 4705K, committed 4800K, reserved 1114112K
  class space    used 475K, committed 512K, reserved 1048576K
GC Heap History (12 events):
Event: 13.835 GC heap before
{Heap before GC invocations=0 (full 0):
 garbage-first heap   total 63488K, used 5120K [0x00000000c2a00000, 0x0000000100000000)
  region size 1024K, 6 young (6144K), 0 survivors (0K)
 Metaspace       used 4546K, committed 4672K, reserved 1114112K
  class space    used 464K, committed 512K, reserved 1048576K
}
Event: 13.846 GC heap after
{Heap after GC invocations=1 (full 0):
 garbage-first heap   total 63488K, used 2404K [0x00000000c2a00000, 0x0000000100000000)
  region size 1024K, 1 young (1024K), 1 survivors (1024K)
 Metaspace       used 4546K, committed 4672K, reserved 1114112K
  class space    used 464K, committed 512K, reserved 1048576K
}
Event: 14.015 GC heap before
{Heap before GC invocations=1 (full 0):
 garbage-first heap   total 136192K, used 84324K [0x00000000c2a00000, 0x0000000100000000)
  region size 1024K, 5 young (5120K), 1 survivors (1024K)
 Metaspace       used 4643K, committed 4736K, reserved 1114112K
  class space    used 470K, committed 512K, reserved 1048576K
}
Event: 14.022 GC heap after
{Heap after GC invocations=2 (full 0):
 garbage-first heap   total 136192K, used 81461K [0x00000000c2a00000, 0x0000000100000000)
  region size 1024K, 1 young (1024K), 1 survivors (1024K)
 Metaspace       used 4643K, committed 4736K, reserved 1114112K
  class space    used 470K, committed 512K, reserved 1048576K
}
Event: 14.155 GC heap before
{Heap before GC invocations=2 (full 0):
 garbage-first heap   total 136192K, used 91701K [0x00000000c2a00000, 0x0000000100000000)
  region size 1024K, 12 young (12288K), 1 survivors (1024K)
 Metaspace       used 4661K, committed 4800K, reserved 1114112K
  class space    used 470K, committed 512K, reserved 1048576K
}
Event: 14.156 GC heap after
{Heap after GC invocations=3 (full 0):
 garbage-first heap   total 136192K, used 81332K [0x00000000c2a00000, 0x0000000100000000)
  region size 1024K, 1 young (1024K), 1 survivors (1024K)
 Metaspace       used 4661K, committed 4800K, reserved 1114112K
  class space    used 470K, committed 512K, reserved 1048576K
}
Event: 15.742 GC heap before
{Heap before GC invocations=4 (full 0):
 garbage-first heap   total 142336K, used 115124K [0x00000000c2a00000, 0x0000000100000000)
  region size 1024K, 35 young (35840K), 1 survivors (1024K)
 Metaspace       used 4661K, committed 4800K, reserved 1114112K
  class space    used 470K, committed 512K, reserved 1048576K
}
Event: 15.743 GC heap after
{Heap after GC invocations=5 (full 0):
 garbage-first heap   total 142336K, used 81299K [0x00000000c2a00000, 0x0000000100000000)
  region size 1024K, 1 young (1024K), 1 survivors (1024K)
 Metaspace       used 4661K, committed 4800K, reserved 1114112K
  class space    used 470K, committed 512K, reserved 1048576K
}
Event: 16.833 GC heap before
{Heap before GC invocations=5 (full 0):
 garbage-first heap   total 142336K, used 108947K [0x00000000c2a00000, 0x0000000100000000)
  region size 1024K, 30 young (30720K), 1 survivors (1024K)
 Metaspace       used 4671K, committed 4800K, reserved 1114112K
  class space    used 472K, committed 512K, reserved 1048576K
}
Event: 16.835 GC heap after
{Heap after GC invocations=6 (full 0):
 garbage-first heap   total 142336K, used 81335K [0x00000000c2a00000, 0x0000000100000000)
  region size 1024K, 1 young (1024K), 1 survivors (1024K)
 Metaspace       used 4671K, committed 4800K, reserved 1114112K
  class space    used 472K, committed 512K, reserved 1048576K
}
Event: 18.736 GC heap before
{Heap before GC invocations=7 (full 0):
 garbage-first heap   total 142336K, used 87479K [0x00000000c2a00000, 0x0000000100000000)
  region size 1024K, 5 young (5120K), 1 survivors (1024K)
 Metaspace       used 4705K, committed 4800K, reserved 1114112K
  class space    used 475K, committed 512K, reserved 1048576K
}
Event: 18.738 GC heap after
{Heap after GC invocations=8 (full 0):
 garbage-first heap   total 142336K, used 84397K [0x00000000c2a00000, 0x0000000100000000)
  region size 1024K, 1 young (1024K), 1 survivors (1024K)
 Metaspace       used 4705K, committed 4800K, reserved 1114112K
  class space    used 475K, committed 512K, reserved 1048576K
}

