# JRE version: Java(TM) SE Runtime Environment (18.0.1.1+2) (build 18.0.1.1+2-6)
# Java VM: Java HotSpot(TM) 64-Bit Server VM (18.0.1.1+2-6, mixed mode, sharing, tiered, compressed oops, compressed class ptrs, g1 gc, windows-amd64)
GC Precious Log:
 CardTable entry size: 512
 Card Set container configuration: InlinePtr #cards 5 size 8 Array Of Cards #cards 12 size 40 Howl #buckets 4 coarsen threshold 1843 Howl Bitmap #cards 512 size 80 coarsen threshold 460 Card regions per heap region 1 cards per card region 2048
 CPUs: 2 total, 2 available
 Memory: 3922M
 Large Page Support: Disabled
 NUMA Support: Disabled
 Compressed Oops: Enabled (32-bit)
 Heap Region Size: 1M
 Heap Min Capacity: 8M
 Heap Initial Capacity: 62M
 Heap Max Capacity: 982M
 Pre-touch: Disabled
 Parallel Workers: 2
 Concurrent Workers: 1
 Concurrent Refinement Workers: 2
 Periodic GC: Disabled
Heap:
 garbage-first heap   total 510976K, used 330289K [0x00000000c2a00000, 0x0000000100000000)
  region size 1024K, 1 young (1024K), 1 survivors (1024K)
 Metaspace       used 4669K, committed 4800K, reserved 1114112K
  class space    used 475K, committed 512K, reserved 1048576K
GC Heap History (20 events):
Event: 2.629 GC heap before
{Heap before GC invocations=7 (full 0):
 garbage-first heap   total 86016K, used 68100K [0x00000000c2a00000, 0x0000000100000000)
  region size 1024K, 22 young (22528K), 1 survivors (1024K)
 Metaspace       used 4654K, committed 4800K, reserved 1114112K
  class space    used 475K, committed 512K, reserved 1048576K
}
Event: 2.631 GC heap after
{Heap after GC invocations=8 (full 0):
 garbage-first heap   total 86016K, used 48687K [0x00000000c2a00000, 0x0000000100000000)
  region size 1024K, 1 young (1024K), 1 survivors (1024K)
 Metaspace       used 4654K, committed 4800K, reserved 1114112K
  class space    used 475K, committed 512K, reserved 1048576K
}
Event: 3.183 GC heap before
{Heap before GC invocations=9 (full 0):
 garbage-first heap   total 89088K, used 52783K [0x00000000c2a00000, 0x0000000100000000)
  region size 1024K, 4 young (4096K), 1 survivors (1024K)
 Metaspace       used 4657K, committed 4800K, reserved 1114112K
  class space    used 475K, committed 512K, reserved 1048576K
}
Event: 3.204 GC heap after
{Heap after GC invocations=10 (full 0):
 garbage-first heap   total 108544K, used 50727K [0x00000000c2a00000, 0x0000000100000000)
  region size 1024K, 1 young (1024K), 1 survivors (1024K)
 Metaspace       used 4657K, committed 4800K, reserved 1114112K
  class space    used 475K, committed 512K, reserved 1048576K
}
Event: 4.664 GC heap before
{Heap before GC invocations=11 (full 0):
 garbage-first heap   total 204800K, used 163367K [0x00000000c2a00000, 0x0000000100000000)
  region size 1024K, 43 young (44032K), 1 survivors (1024K)
 Metaspace       used 4657K, committed 4800K, reserved 1114112K
  class space    used 475K, committed 512K, reserved 1048576K
}
Event: 4.666 GC heap after
{Heap after GC invocations=12 (full 0):
 garbage-first heap   total 204800K, used 121382K [0x00000000c2a00000, 0x0000000100000000)
  region size 1024K, 1 young (1024K), 1 survivors (1024K)
 Metaspace       used 4657K, committed 4800K, reserved 1114112K
  class space    used 475K, committed 512K, reserved 1048576K
}
Event: 4.863 GC heap before
{Heap before GC invocations=12 (full 0):
 garbage-first heap   total 204800K, used 150054K [0x00000000c2a00000, 0x0000000100000000)
  region size 1024K, 30 young (30720K), 1 survivors (1024K)
 Metaspace       used 4658K, committed 4800K, reserved 1114112K
  class space    used 475K, committed 512K, reserved 1048576K
}
Event: 4.865 GC heap after
{Heap after GC invocations=13 (full 0):
 garbage-first heap   total 204800K, used 121395K [0x00000000c2a00000, 0x0000000100000000)
  region size 1024K, 1 young (1024K), 1 survivors (1024K)
 Metaspace       used 4658K, committed 4800K, reserved 1114112K
  class space    used 475K, committed 512K, reserved 1048576K
}
Event: 5.351 GC heap before
{Heap before GC invocations=14 (full 0):
 garbage-first heap   total 209920K, used 125491K [0x00000000c2a00000, 0x0000000100000000)
  region size 1024K, 4 young (4096K), 1 survivors (1024K)
 Metaspace       used 4664K, committed 4800K, reserved 1114112K
  class space    used 475K, committed 512K, reserved 1048576K
}
Event: 5.353 GC heap after
{Heap after GC invocations=15 (full 0):
 garbage-first heap   total 209920K, used 123453K [0x00000000c2a00000, 0x0000000100000000)
  region size 1024K, 1 young (1024K), 1 survivors (1024K)
 Metaspace       used 4664K, committed 4800K, reserved 1114112K
  class space    used 475K, committed 512K, reserved 1048576K
}
Event: 7.465 GC heap before
{Heap before GC invocations=16 (full 0):
 garbage-first heap   total 331776K, used 258621K [0x00000000c2a00000, 0x0000000100000000)
  region size 1024K, 62 young (63488K), 1 survivors (1024K)
 Metaspace       used 4664K, committed 4800K, reserved 1114112K
  class space    used 475K, committed 512K, reserved 1048576K
}
Event: 7.466 GC heap after
{Heap after GC invocations=17 (full 0):
 garbage-first heap   total 331776K, used 197167K [0x00000000c2a00000, 0x0000000100000000)
  region size 1024K, 1 young (1024K), 1 survivors (1024K)
 Metaspace       used 4664K, committed 4800K, reserved 1114112K
  class space    used 475K, committed 512K, reserved 1048576K
}
Event: 7.559 GC heap before
{Heap before GC invocations=17 (full 0):
 garbage-first heap   total 331776K, used 207407K [0x00000000c2a00000, 0x0000000100000000)
  region size 1024K, 13 young (13312K), 1 survivors (1024K)
 Metaspace       used 4664K, committed 4800K, reserved 1114112K
  class space    used 475K, committed 512K, reserved 1048576K
}
Event: 7.560 GC heap after
{Heap after GC invocations=18 (full 0):
 garbage-first heap   total 331776K, used 197176K [0x00000000c2a00000, 0x0000000100000000)
  region size 1024K, 1 young (1024K), 1 survivors (1024K)
 Metaspace       used 4664K, committed 4800K, reserved 1114112K
  class space    used 475K, committed 512K, reserved 1048576K
}
Event: 8.148 GC heap before
{Heap before GC invocations=19 (full 0):
 garbage-first heap   total 336896K, used 201272K [0x00000000c2a00000, 0x0000000100000000)
  region size 1024K, 4 young (4096K), 1 survivors (1024K)
 Metaspace       used 4664K, committed 4800K, reserved 1114112K
  class space    used 475K, committed 512K, reserved 1048576K
}
Event: 8.150 GC heap after
{Heap after GC invocations=20 (full 0):
 garbage-first heap   total 336896K, used 199215K [0x00000000c2a00000, 0x0000000100000000)
  region size 1024K, 1 young (1024K), 1 survivors (1024K)
 Metaspace       used 4664K, committed 4800K, reserved 1114112K
  class space    used 475K, committed 512K, reserved 1048576K
}
Event: 10.162 GC heap before
{Heap before GC invocations=21 (full 0):
 garbage-first heap   total 402432K, used 333359K [0x00000000c2a00000, 0x0000000100000000)
  region size 1024K, 68 young (69632K), 1 survivors (1024K)
 Metaspace       used 4664K, committed 4800K, reserved 1114112K
  class space    used 475K, committed 512K, reserved 1048576K
}
Event: 10.164 GC heap after
{Heap after GC invocations=22 (full 0):
 garbage-first heap   total 402432K, used 266809K [0x00000000c2a00000, 0x0000000100000000)
  region size 1024K, 1 young (1024K), 1 survivors (1024K)
 Metaspace       used 4664K, committed 4800K, reserved 1114112K
  class space    used 475K, committed 512K, reserved 1048576K
}
Event: 10.988 GC heap before
{Heap before GC invocations=23 (full 0):
 garbage-first heap   total 452608K, used 271929K [0x00000000c2a00000, 0x0000000100000000)
  region size 1024K, 5 young (5120K), 1 survivors (1024K)
 Metaspace       used 4668K, committed 4800K, reserved 1114112K
  class space    used 475K, committed 512K, reserved 1048576K
}
Event: 10.990 GC heap after
{Heap after GC invocations=24 (full 0):
 garbage-first heap   total 452608K, used 268849K [0x00000000c2a00000, 0x0000000100000000)
  region size 1024K, 1 young (1024K), 1 survivors (1024K)
 Metaspace       used 4668K, committed 4800K, reserved 1114112K
  class space    used 475K, committed 512K, reserved 1048576K
}

