# JRE version: Java(TM) SE Runtime Environment (18.0.1.1+2) (build 18.0.1.1+2-6)
# Java VM: Java HotSpot(TM) 64-Bit Server VM (18.0.1.1+2-6, mixed mode, sharing, tiered, compressed oops, compressed class ptrs, g1 gc, windows-amd64)
GC Precious Log:
 CardTable entry size: 512
 Card Set container configuration: InlinePtr #cards 5 size 8 Array Of Cards #cards 12 size 40 Howl #buckets 4 coarsen threshold 1843 Howl Bitmap #cards 512 size 80 coarsen threshold 460 Card regions per heap region 1 cards per card region 2048
 CPUs: 2 total, 2 available
 Memory: 3922M
 Large Page Support: Disabled
 NUMA Support: Disabled
 Compressed Oops: Enabled (32-bit)
 Heap Region Size: 1M
 Heap Min Capacity: 8M
 Heap Initial Capacity: 62M
 Heap Max Capacity: 982M
 Pre-touch: Disabled
 Parallel Workers: 2
 Concurrent Workers: 1
 Concurrent Refinement Workers: 2
 Periodic GC: Disabled
Heap:
 garbage-first heap   total 145408K, used 132611K [0x00000000c2a00000, 0x0000000100000000)
  region size 1024K, 1 young (1024K), 1 survivors (1024K)
 Metaspace       used 4661K, committed 4800K, reserved 1114112K
  class space    used 475K, committed 512K, reserved 1048576K
GC Heap History (12 events):
Event: 1.541 GC heap before
{Heap before GC invocations=0 (full 0):
 garbage-first heap   total 63488K, used 5120K [0x00000000c2a00000, 0x0000000100000000)
  region size 1024K, 6 young (6144K), 0 survivors (0K)
 Metaspace       used 4499K, committed 4608K, reserved 1114112K
  class space    used 463K, committed 512K, reserved 1048576K
}
Event: 1.554 GC heap after
{Heap after GC invocations=1 (full 0):
 garbage-first heap   total 63488K, used 2401K [0x00000000c2a00000, 0x0000000100000000)
  region size 1024K, 1 young (1024K), 1 survivors (1024K)
 Metaspace       used 4499K, committed 4608K, reserved 1114112K
  class space    used 463K, committed 512K, reserved 1048576K
}
Event: 1.683 GC heap before
{Heap before GC invocations=1 (full 0):
 garbage-first heap   total 136192K, used 84321K [0x00000000c2a00000, 0x0000000100000000)
  region size 1024K, 5 young (5120K), 1 survivors (1024K)
 Metaspace       used 4595K, committed 4736K, reserved 1114112K
  class space    used 469K, committed 512K, reserved 1048576K
}
Event: 1.690 GC heap after
{Heap after GC invocations=2 (full 0):
 garbage-first heap   total 136192K, used 81550K [0x00000000c2a00000, 0x0000000100000000)
  region size 1024K, 1 young (1024K), 1 survivors (1024K)
 Metaspace       used 4595K, committed 4736K, reserved 1114112K
  class space    used 469K, committed 512K, reserved 1048576K
}
Event: 1.824 GC heap before
{Heap before GC invocations=2 (full 0):
 garbage-first heap   total 136192K, used 91790K [0x00000000c2a00000, 0x0000000100000000)
  region size 1024K, 12 young (12288K), 1 survivors (1024K)
 Metaspace       used 4613K, committed 4736K, reserved 1114112K
  class space    used 469K, committed 512K, reserved 1048576K
}
Event: 1.825 GC heap after
{Heap after GC invocations=3 (full 0):
 garbage-first heap   total 136192K, used 81419K [0x00000000c2a00000, 0x0000000100000000)
  region size 1024K, 1 young (1024K), 1 survivors (1024K)
 Metaspace       used 4613K, committed 4736K, reserved 1114112K
  class space    used 469K, committed 512K, reserved 1048576K
}
Event: 2.197 GC heap before
{Heap before GC invocations=4 (full 0):
 garbage-first heap   total 142336K, used 115211K [0x00000000c2a00000, 0x0000000100000000)
  region size 1024K, 35 young (35840K), 1 survivors (1024K)
 Metaspace       used 4616K, committed 4736K, reserved 1114112K
  class space    used 470K, committed 512K, reserved 1048576K
}
Event: 2.198 GC heap after
{Heap after GC invocations=5 (full 0):
 garbage-first heap   total 142336K, used 81387K [0x00000000c2a00000, 0x0000000100000000)
  region size 1024K, 1 young (1024K), 1 survivors (1024K)
 Metaspace       used 4616K, committed 4736K, reserved 1114112K
  class space    used 470K, committed 512K, reserved 1048576K
}
Event: 2.479 GC heap before
{Heap before GC invocations=5 (full 0):
 garbage-first heap   total 142336K, used 109035K [0x00000000c2a00000, 0x0000000100000000)
  region size 1024K, 30 young (30720K), 1 survivors (1024K)
 Metaspace       used 4626K, committed 4736K, reserved 1114112K
  class space    used 472K, committed 512K, reserved 1048576K
}
Event: 2.481 GC heap after
{Heap after GC invocations=6 (full 0):
 garbage-first heap   total 142336K, used 81423K [0x00000000c2a00000, 0x0000000100000000)
  region size 1024K, 1 young (1024K), 1 survivors (1024K)
 Metaspace       used 4626K, committed 4736K, reserved 1114112K
  class space    used 472K, committed 512K, reserved 1048576K
}
Event: 3.272 GC heap before
{Heap before GC invocations=7 (full 0):
 garbage-first heap   total 145408K, used 86543K [0x00000000c2a00000, 0x0000000100000000)
  region size 1024K, 4 young (4096K), 1 survivors (1024K)
 Metaspace       used 4661K, committed 4800K, reserved 1114112K
  class space    used 475K, committed 512K, reserved 1048576K
}
Event: 3.274 GC heap after
{Heap after GC invocations=8 (full 0):
 garbage-first heap   total 145408K, used 84483K [0x00000000c2a00000, 0x0000000100000000)
  region size 1024K, 1 young (1024K), 1 survivors (1024K)
 Metaspace       used 4661K, committed 4800K, reserved 1114112K
  class space    used 475K, committed 512K, reserved 1048576K
}

